<?xml version="1.0" encoding="UTF-8"?>
<!-- Generated by org.testng.reporters.JUnitReportReporter -->
<testsuite skipped="6" hostname="SANYO-PC" name="Mar_20.xero_app" tests="7" failures="0" timestamp="2020-03-21T23:51:27 EDT" time="1.929" errors="1">
  <testcase name="TC1_IncorrectEmail" time="0.000" classname="Mar_20.xero_app">
    <skipped/>
  </testcase> <!-- TC1_IncorrectEmail -->
  <testcase name="TC2_SignUptoXDC" time="0.000" classname="Mar_20.xero_app">
    <skipped/>
  </testcase> <!-- TC2_SignUptoXDC -->
  <testcase name="TC1_ForgotPwd" time="0.000" classname="Mar_20.xero_app">
    <skipped/>
  </testcase> <!-- TC1_ForgotPwd -->
  <testcase name="startup" time="1.925" classname="Mar_20.xero_app">
    <error type="java.lang.IllegalStateException" message="The driver executable is a directory: C:\Users\SANYO\AppData\Local\Google\Chrome\User Data\Default">
      <![CDATA[java.lang.IllegalStateException: The driver executable is a directory: C:\Users\SANYO\AppData\Local\Google\Chrome\User Data\Default
at com.google.common.base.Preconditions.checkState(Preconditions.java:518)
at org.openqa.selenium.remote.service.DriverService.checkExecutable(DriverService.java:138)
at org.openqa.selenium.remote.service.DriverService.findExecutable(DriverService.java:131)
at org.openqa.selenium.chrome.ChromeDriverService.access$000(ChromeDriverService.java:32)
at org.openqa.selenium.chrome.ChromeDriverService$Builder.findDefaultExecutable(ChromeDriverService.java:137)
at org.openqa.selenium.remote.service.DriverService$Builder.build(DriverService.java:330)
at org.openqa.selenium.chrome.ChromeDriverService.createDefaultService(ChromeDriverService.java:88)
at org.openqa.selenium.chrome.ChromeDriver.<init>(ChromeDriver.java:124)
at Mar_20.Reusable_xero.DriverInitialization(Reusable_xero.java:26)
at Mar_20.xero_app.startup(xero_app.java:19)
at sun.reflect.NativeMethodAccessorImpl.invoke0(Native Method)
at sun.reflect.NativeMethodAccessorImpl.invoke(Unknown Source)
at sun.reflect.DelegatingMethodAccessorImpl.invoke(Unknown Source)
at java.lang.reflect.Method.invoke(Unknown Source)
at org.testng.internal.MethodInvocationHelper.invokeMethod(MethodInvocationHelper.java:133)
at org.testng.internal.MethodInvocationHelper.invokeMethodConsideringTimeout(MethodInvocationHelper.java:62)
at org.testng.internal.ConfigInvoker.invokeConfigurationMethod(ConfigInvoker.java:340)
at org.testng.internal.ConfigInvoker.invokeConfigurations(ConfigInvoker.java:294)
at org.testng.internal.TestInvoker.runConfigMethods(TestInvoker.java:683)
at org.testng.internal.TestInvoker.invokeMethod(TestInvoker.java:510)
at org.testng.internal.TestInvoker.invokeTestMethod(TestInvoker.java:172)
at org.testng.internal.MethodRunner.runInSequence(MethodRunner.java:46)
at org.testng.internal.TestInvoker$MethodInvocationAgent.invoke(TestInvoker.java:804)
at org.testng.internal.TestInvoker.invokeTestMethods(TestInvoker.java:145)
at org.testng.internal.TestMethodWorker.invokeTestMethods(TestMethodWorker.java:146)
at org.testng.internal.TestMethodWorker.run(TestMethodWorker.java:128)
at java.util.ArrayList.forEach(Unknown Source)
at org.testng.TestRunner.privateRun(TestRunner.java:770)
at org.testng.TestRunner.run(TestRunner.java:591)
at org.testng.SuiteRunner.runTest(SuiteRunner.java:402)
at org.testng.SuiteRunner.runSequentially(SuiteRunner.java:396)
at org.testng.SuiteRunner.privateRun(SuiteRunner.java:355)
at org.testng.SuiteRunner.run(SuiteRunner.java:304)
at org.testng.SuiteRunnerWorker.runSuite(SuiteRunnerWorker.java:53)
at org.testng.SuiteRunnerWorker.run(SuiteRunnerWorker.java:96)
at org.testng.TestNG.runSuitesSequentially(TestNG.java:1180)
at org.testng.TestNG.runSuitesLocally(TestNG.java:1102)
at org.testng.TestNG.runSuites(TestNG.java:1032)
at org.testng.TestNG.run(TestNG.java:1000)
at org.testng.remote.AbstractRemoteTestNG.run(AbstractRemoteTestNG.java:115)
at org.testng.remote.RemoteTestNG.initAndRun(RemoteTestNG.java:251)
at org.testng.remote.RemoteTestNG.main(RemoteTestNG.java:77)
]]>
    </error>
  </testcase> <!-- startup -->
  <testcase name="startup" time="0.000" classname="Mar_20.xero_app">
    <skipped/>
  </testcase> <!-- startup -->
  <testcase name="TC1_login" time="0.004" classname="Mar_20.xero_app">
    <skipped/>
  </testcase> <!-- TC1_login -->
  <testcase name="TC1_IncorrectPwd" time="0.000" classname="Mar_20.xero_app">
    <skipped/>
  </testcase> <!-- TC1_IncorrectPwd -->
</testsuite> <!-- Mar_20.xero_app -->
