<?xml version="1.0" encoding="UTF-8"?>
<testng-results skipped="0" failed="1" ignored="0" total="2" passed="1">
  <reporter-output>
  </reporter-output>
  <suite name="Default suite" duration-ms="38878" started-at="2020-03-13T22:55:41 EDT" finished-at="2020-03-13T22:56:20 EDT">
    <groups>
    </groups>
    <test name="Default test" duration-ms="38878" started-at="2020-03-13T22:55:41 EDT" finished-at="2020-03-13T22:56:20 EDT">
      <class name="Selenium_Screenshot.ExtentReport_Scrnshot">
        <test-method status="PASS" signature="setReport()[pri:0, instance:Selenium_Screenshot.ExtentReport_Scrnshot@2df32bf7]" name="setReport" is-config="true" duration-ms="290" started-at="2020-03-13T22:55:41 EDT" finished-at="2020-03-13T22:55:42 EDT">
          <reporter-output>
          </reporter-output>
        </test-method> <!-- setReport -->
        <test-method status="PASS" signature="setUp()[pri:0, instance:Selenium_Screenshot.ExtentReport_Scrnshot@2df32bf7]" name="setUp" is-config="true" duration-ms="16957" started-at="2020-03-13T22:55:42 EDT" finished-at="2020-03-13T22:55:59 EDT">
          <reporter-output>
          </reporter-output>
        </test-method> <!-- setUp -->
        <test-method status="FAIL" signature="Login()[pri:0, instance:Selenium_Screenshot.ExtentReport_Scrnshot@2df32bf7]" name="Login" duration-ms="664" started-at="2020-03-13T22:55:59 EDT" finished-at="2020-03-13T22:55:59 EDT">
          <exception class="java.lang.AssertionError">
            <message>
              <![CDATA[expected [home] but found [Apitesting]]]>
            </message>
            <full-stacktrace>
              <![CDATA[java.lang.AssertionError: expected [home] but found [Apitesting]
at org.testng.Assert.fail(Assert.java:97)
at org.testng.Assert.assertEqualsImpl(Assert.java:136)
at org.testng.Assert.assertEquals(Assert.java:118)
at org.testng.Assert.assertEquals(Assert.java:575)
at org.testng.Assert.assertEquals(Assert.java:585)
at Selenium_Screenshot.ExtentReport_Scrnshot.Login(ExtentReport_Scrnshot.java:99)
at sun.reflect.NativeMethodAccessorImpl.invoke0(Native Method)
at sun.reflect.NativeMethodAccessorImpl.invoke(Unknown Source)
at sun.reflect.DelegatingMethodAccessorImpl.invoke(Unknown Source)
at java.lang.reflect.Method.invoke(Unknown Source)
at org.testng.internal.MethodInvocationHelper.invokeMethod(MethodInvocationHelper.java:133)
at org.testng.internal.TestInvoker.invokeMethod(TestInvoker.java:584)
at org.testng.internal.TestInvoker.invokeTestMethod(TestInvoker.java:172)
at org.testng.internal.MethodRunner.runInSequence(MethodRunner.java:46)
at org.testng.internal.TestInvoker$MethodInvocationAgent.invoke(TestInvoker.java:804)
at org.testng.internal.TestInvoker.invokeTestMethods(TestInvoker.java:145)
at org.testng.internal.TestMethodWorker.invokeTestMethods(TestMethodWorker.java:146)
at org.testng.internal.TestMethodWorker.run(TestMethodWorker.java:128)
at java.util.ArrayList.forEach(Unknown Source)
at org.testng.TestRunner.privateRun(TestRunner.java:770)
at org.testng.TestRunner.run(TestRunner.java:591)
at org.testng.SuiteRunner.runTest(SuiteRunner.java:402)
at org.testng.SuiteRunner.runSequentially(SuiteRunner.java:396)
at org.testng.SuiteRunner.privateRun(SuiteRunner.java:355)
at org.testng.SuiteRunner.run(SuiteRunner.java:304)
at org.testng.SuiteRunnerWorker.runSuite(SuiteRunnerWorker.java:53)
at org.testng.SuiteRunnerWorker.run(SuiteRunnerWorker.java:96)
at org.testng.TestNG.runSuitesSequentially(TestNG.java:1180)
at org.testng.TestNG.runSuitesLocally(TestNG.java:1102)
at org.testng.TestNG.runSuites(TestNG.java:1032)
at org.testng.TestNG.run(TestNG.java:1000)
at org.testng.remote.AbstractRemoteTestNG.run(AbstractRemoteTestNG.java:115)
at org.testng.remote.RemoteTestNG.initAndRun(RemoteTestNG.java:251)
at org.testng.remote.RemoteTestNG.main(RemoteTestNG.java:77)
]]>
            </full-stacktrace>
          </exception> <!-- java.lang.AssertionError -->
          <reporter-output>
          </reporter-output>
        </test-method> <!-- Login -->
        <test-method status="PASS" signature="complete(org.testng.ITestResult)[pri:0, instance:Selenium_Screenshot.ExtentReport_Scrnshot@2df32bf7]" name="complete" is-config="true" duration-ms="5515" started-at="2020-03-13T22:55:59 EDT" finished-at="2020-03-13T22:56:05 EDT">
          <params>
            <param index="0">
              <value>
                <![CDATA[[TestResult name=Login status=FAILURE method=ExtentReport_Scrnshot.Login()[pri:0, instance:Selenium_Screenshot.ExtentReport_Scrnshot@2df32bf7] output={null}]]]>
              </value>
            </param>
          </params>
          <reporter-output>
          </reporter-output>
        </test-method> <!-- complete -->
        <test-method status="PASS" signature="setUp()[pri:0, instance:Selenium_Screenshot.ExtentReport_Scrnshot@2df32bf7]" name="setUp" is-config="true" duration-ms="11279" started-at="2020-03-13T22:56:05 EDT" finished-at="2020-03-13T22:56:16 EDT">
          <reporter-output>
          </reporter-output>
        </test-method> <!-- setUp -->
        <test-method status="PASS" signature="TitleTest()[pri:0, instance:Selenium_Screenshot.ExtentReport_Scrnshot@2df32bf7]" name="TitleTest" duration-ms="39" started-at="2020-03-13T22:56:16 EDT" finished-at="2020-03-13T22:56:16 EDT">
          <reporter-output>
          </reporter-output>
        </test-method> <!-- TitleTest -->
        <test-method status="PASS" signature="complete(org.testng.ITestResult)[pri:0, instance:Selenium_Screenshot.ExtentReport_Scrnshot@2df32bf7]" name="complete" is-config="true" duration-ms="1871" started-at="2020-03-13T22:56:16 EDT" finished-at="2020-03-13T22:56:18 EDT">
          <params>
            <param index="0">
              <value>
                <![CDATA[[TestResult name=TitleTest status=SUCCESS method=ExtentReport_Scrnshot.TitleTest()[pri:0, instance:Selenium_Screenshot.ExtentReport_Scrnshot@2df32bf7] output={null}]]]>
              </value>
            </param>
          </params>
          <reporter-output>
          </reporter-output>
        </test-method> <!-- complete -->
        <test-method status="PASS" signature="endReport()[pri:0, instance:Selenium_Screenshot.ExtentReport_Scrnshot@2df32bf7]" name="endReport" is-config="true" duration-ms="2176" started-at="2020-03-13T22:56:18 EDT" finished-at="2020-03-13T22:56:20 EDT">
          <reporter-output>
          </reporter-output>
        </test-method> <!-- endReport -->
      </class> <!-- Selenium_Screenshot.ExtentReport_Scrnshot -->
    </test> <!-- Default test -->
  </suite> <!-- Default suite -->
</testng-results>
